2015-05-23 21:06:40,506 DEBUG [main] (cn.edu.zju.ispark.server.Server$) - Classpath: Some(/usr/local/jdk/jre/lib/management-agent.jar:/usr/local/jdk/jre/lib/jfr.jar:/usr/local/jdk/jre/lib/plugin.jar:/usr/local/jdk/jre/lib/jsse.jar:/usr/local/jdk/jre/lib/javaws.jar:/usr/local/jdk/jre/lib/charsets.jar:/usr/local/jdk/jre/lib/rt.jar:/usr/local/jdk/jre/lib/jfxswt.jar:/usr/local/jdk/jre/lib/deploy.jar:/usr/local/jdk/jre/lib/jce.jar:/usr/local/jdk/jre/lib/resources.jar:/usr/local/jdk/jre/lib/ext/nashorn.jar:/usr/local/jdk/jre/lib/ext/dnsns.jar:/usr/local/jdk/jre/lib/ext/sunec.jar:/usr/local/jdk/jre/lib/ext/sunjce_provider.jar:/usr/local/jdk/jre/lib/ext/sunpkcs11.jar:/usr/local/jdk/jre/lib/ext/zipfs.jar:/usr/local/jdk/jre/lib/ext/cldrdata.jar:/usr/local/jdk/jre/lib/ext/localedata.jar:/usr/local/jdk/jre/lib/ext/jfxrt.jar:/home/king/gits/ispark/server/target/scala-2.10/classes:/home/king/.ivy2/cache/org.scala-lang/scala-library/jars/scala-library-2.10.5.jar:/home/king/gits/ispark/common/target/scala-2.10/classes:/home/king/.ivy2/cache/log4j/log4j/bundles/log4j-1.2.17.jar:/home/king/.ivy2/cache/org.slf4j/slf4j-api/jars/slf4j-api-1.7.12.jar:/home/king/.ivy2/cache/org.slf4j/slf4j-log4j12/jars/slf4j-log4j12-1.7.12.jar:/home/king/.ivy2/cache/commons-codec/commons-codec/jars/commons-codec-1.4.jar:/home/king/.ivy2/cache/commons-io/commons-io/jars/commons-io-2.4.jar:/home/king/.ivy2/cache/io.netty/netty-buffer/jars/netty-buffer-4.0.24.Final.jar:/home/king/.ivy2/cache/io.netty/netty-codec/jars/netty-codec-4.0.24.Final.jar:/home/king/.ivy2/cache/io.netty/netty-codec-http/jars/netty-codec-http-4.0.24.Final.jar:/home/king/.ivy2/cache/io.netty/netty-common/jars/netty-common-4.0.24.Final.jar:/home/king/.ivy2/cache/io.netty/netty-handler/jars/netty-handler-4.0.24.Final.jar:/home/king/.ivy2/cache/io.netty/netty-transport/jars/netty-transport-4.0.24.Final.jar:/home/king/.ivy2/cache/net.databinder/unfiltered-filter_2.10/jars/unfiltered-filter_2.10-0.9.0-beta1.jar:/home/king/.ivy2/cache/net.databinder/unfiltered-netty-server_2.10/jars/unfiltered-netty-server_2.10-0.9.0-beta1.jar:/home/king/.ivy2/cache/net.databinder/unfiltered-netty-websockets_2.10/jars/unfiltered-netty-websockets_2.10-0.9.0-beta1.jar:/home/king/.ivy2/cache/net.databinder/unfiltered-netty_2.10/jars/unfiltered-netty_2.10-0.9.0-beta1.jar:/home/king/.ivy2/cache/net.databinder/unfiltered-util_2.10/jars/unfiltered-util_2.10-0.9.0-beta1.jar:/home/king/.ivy2/cache/net.databinder/unfiltered_2.10/jars/unfiltered_2.10-0.9.0-beta1.jar:/home/king/softs/idea-IC-141.713.2/lib/idea_rt.jar:/usr/share/java/jayatanaag.jar)
2015-05-23 21:07:59,630 DEBUG [main] (cn.edu.zju.ispark.server.Server$) - Classpath: Some(/usr/local/jdk/jre/lib/management-agent.jar:/usr/local/jdk/jre/lib/jfr.jar:/usr/local/jdk/jre/lib/plugin.jar:/usr/local/jdk/jre/lib/jsse.jar:/usr/local/jdk/jre/lib/javaws.jar:/usr/local/jdk/jre/lib/charsets.jar:/usr/local/jdk/jre/lib/rt.jar:/usr/local/jdk/jre/lib/jfxswt.jar:/usr/local/jdk/jre/lib/deploy.jar:/usr/local/jdk/jre/lib/jce.jar:/usr/local/jdk/jre/lib/resources.jar:/usr/local/jdk/jre/lib/ext/nashorn.jar:/usr/local/jdk/jre/lib/ext/dnsns.jar:/usr/local/jdk/jre/lib/ext/sunec.jar:/usr/local/jdk/jre/lib/ext/sunjce_provider.jar:/usr/local/jdk/jre/lib/ext/sunpkcs11.jar:/usr/local/jdk/jre/lib/ext/zipfs.jar:/usr/local/jdk/jre/lib/ext/cldrdata.jar:/usr/local/jdk/jre/lib/ext/localedata.jar:/usr/local/jdk/jre/lib/ext/jfxrt.jar:/home/king/gits/ispark/server/target/scala-2.10/classes:/home/king/.ivy2/cache/org.scala-lang/scala-library/jars/scala-library-2.10.5.jar:/home/king/gits/ispark/common/target/scala-2.10/classes:/home/king/.ivy2/cache/log4j/log4j/bundles/log4j-1.2.17.jar:/home/king/.ivy2/cache/org.slf4j/slf4j-api/jars/slf4j-api-1.7.12.jar:/home/king/.ivy2/cache/org.slf4j/slf4j-log4j12/jars/slf4j-log4j12-1.7.12.jar:/home/king/.ivy2/cache/commons-codec/commons-codec/jars/commons-codec-1.4.jar:/home/king/.ivy2/cache/commons-io/commons-io/jars/commons-io-2.4.jar:/home/king/.ivy2/cache/io.netty/netty-buffer/jars/netty-buffer-4.0.24.Final.jar:/home/king/.ivy2/cache/io.netty/netty-codec/jars/netty-codec-4.0.24.Final.jar:/home/king/.ivy2/cache/io.netty/netty-codec-http/jars/netty-codec-http-4.0.24.Final.jar:/home/king/.ivy2/cache/io.netty/netty-common/jars/netty-common-4.0.24.Final.jar:/home/king/.ivy2/cache/io.netty/netty-handler/jars/netty-handler-4.0.24.Final.jar:/home/king/.ivy2/cache/io.netty/netty-transport/jars/netty-transport-4.0.24.Final.jar:/home/king/.ivy2/cache/net.databinder/unfiltered-filter_2.10/jars/unfiltered-filter_2.10-0.9.0-beta1.jar:/home/king/.ivy2/cache/net.databinder/unfiltered-netty-server_2.10/jars/unfiltered-netty-server_2.10-0.9.0-beta1.jar:/home/king/.ivy2/cache/net.databinder/unfiltered-netty-websockets_2.10/jars/unfiltered-netty-websockets_2.10-0.9.0-beta1.jar:/home/king/.ivy2/cache/net.databinder/unfiltered-netty_2.10/jars/unfiltered-netty_2.10-0.9.0-beta1.jar:/home/king/.ivy2/cache/net.databinder/unfiltered-util_2.10/jars/unfiltered-util_2.10-0.9.0-beta1.jar:/home/king/.ivy2/cache/net.databinder/unfiltered_2.10/jars/unfiltered_2.10-0.9.0-beta1.jar:/home/king/softs/idea-IC-141.713.2/lib/idea_rt.jar:/usr/share/java/jayatanaag.jar)
2015-05-23 21:07:59,879 DEBUG [main] (io.netty.util.internal.logging.InternalLoggerFactory) - Using SLF4J as the default logging framework
2015-05-23 21:07:59,898 DEBUG [main] (io.netty.channel.MultithreadEventLoopGroup) - -Dio.netty.eventLoopThreads: 16
2015-05-23 21:07:59,912 DEBUG [main] (io.netty.util.internal.PlatformDependent0) - java.nio.Buffer.address: available
2015-05-23 21:07:59,912 DEBUG [main] (io.netty.util.internal.PlatformDependent0) - sun.misc.Unsafe.theUnsafe: available
2015-05-23 21:07:59,912 DEBUG [main] (io.netty.util.internal.PlatformDependent0) - sun.misc.Unsafe.copyMemory: available
2015-05-23 21:07:59,913 DEBUG [main] (io.netty.util.internal.PlatformDependent0) - java.nio.Bits.unaligned: true
2015-05-23 21:07:59,987 DEBUG [main] (io.netty.util.internal.PlatformDependent) - UID: 1000
2015-05-23 21:07:59,987 DEBUG [main] (io.netty.util.internal.PlatformDependent) - Java version: 8
2015-05-23 21:07:59,987 DEBUG [main] (io.netty.util.internal.PlatformDependent) - -Dio.netty.noUnsafe: false
2015-05-23 21:07:59,987 DEBUG [main] (io.netty.util.internal.PlatformDependent) - sun.misc.Unsafe: available
2015-05-23 21:07:59,987 DEBUG [main] (io.netty.util.internal.PlatformDependent) - -Dio.netty.noJavassist: false
2015-05-23 21:07:59,988 DEBUG [main] (io.netty.util.internal.PlatformDependent) - Javassist: unavailable
2015-05-23 21:07:59,988 DEBUG [main] (io.netty.util.internal.PlatformDependent) - You don't have Javassist in your class path or you don't have enough permission to load dynamically generated classes.  Please check the configuration for better performance.
2015-05-23 21:07:59,988 DEBUG [main] (io.netty.util.internal.PlatformDependent) - -Dio.netty.tmpdir: /tmp (java.io.tmpdir)
2015-05-23 21:07:59,988 DEBUG [main] (io.netty.util.internal.PlatformDependent) - -Dio.netty.bitMode: 64 (sun.arch.data.model)
2015-05-23 21:07:59,988 DEBUG [main] (io.netty.util.internal.PlatformDependent) - -Dio.netty.noPreferDirect: false
2015-05-23 21:08:00,021 DEBUG [main] (io.netty.channel.nio.NioEventLoop) - -Dio.netty.noKeySetOptimization: false
2015-05-23 21:08:00,022 DEBUG [main] (io.netty.channel.nio.NioEventLoop) - -Dio.netty.selectorAutoRebuildThreshold: 512
2015-05-23 21:08:00,055 DEBUG [main] (io.netty.util.internal.ThreadLocalRandom) - -Dio.netty.initialSeedUniquifier: 0x0869e7a04d4c5167 (took 8 ms)
2015-05-23 21:08:00,096 DEBUG [main] (io.netty.buffer.ByteBufUtil) - -Dio.netty.allocator.type: unpooled
2015-05-23 21:08:00,096 DEBUG [main] (io.netty.buffer.ByteBufUtil) - -Dio.netty.threadLocalDirectBufferSize: 65536
2015-05-23 21:08:00,111 DEBUG [main] (io.netty.util.NetUtil) - Loopback interface: lo (lo, 0:0:0:0:0:0:0:1%lo)
2015-05-23 21:08:00,111 DEBUG [main] (io.netty.util.NetUtil) - /proc/sys/net/core/somaxconn: 128
2015-05-23 21:15:34,850 DEBUG [main] (cn.edu.zju.ispark.server.Server$) - Classpath: Some(/usr/local/jdk/jre/lib/management-agent.jar:/usr/local/jdk/jre/lib/jfr.jar:/usr/local/jdk/jre/lib/plugin.jar:/usr/local/jdk/jre/lib/jsse.jar:/usr/local/jdk/jre/lib/javaws.jar:/usr/local/jdk/jre/lib/charsets.jar:/usr/local/jdk/jre/lib/rt.jar:/usr/local/jdk/jre/lib/jfxswt.jar:/usr/local/jdk/jre/lib/deploy.jar:/usr/local/jdk/jre/lib/jce.jar:/usr/local/jdk/jre/lib/resources.jar:/usr/local/jdk/jre/lib/ext/nashorn.jar:/usr/local/jdk/jre/lib/ext/dnsns.jar:/usr/local/jdk/jre/lib/ext/sunec.jar:/usr/local/jdk/jre/lib/ext/sunjce_provider.jar:/usr/local/jdk/jre/lib/ext/sunpkcs11.jar:/usr/local/jdk/jre/lib/ext/zipfs.jar:/usr/local/jdk/jre/lib/ext/cldrdata.jar:/usr/local/jdk/jre/lib/ext/localedata.jar:/usr/local/jdk/jre/lib/ext/jfxrt.jar:/home/king/gits/ispark/server/target/scala-2.10/classes:/home/king/.ivy2/cache/org.scala-lang/scala-library/jars/scala-library-2.10.5.jar:/home/king/gits/ispark/common/target/scala-2.10/classes:/home/king/.ivy2/cache/log4j/log4j/bundles/log4j-1.2.17.jar:/home/king/.ivy2/cache/org.slf4j/slf4j-api/jars/slf4j-api-1.7.12.jar:/home/king/.ivy2/cache/org.slf4j/slf4j-log4j12/jars/slf4j-log4j12-1.7.12.jar:/home/king/.ivy2/cache/commons-codec/commons-codec/jars/commons-codec-1.4.jar:/home/king/.ivy2/cache/commons-io/commons-io/jars/commons-io-2.4.jar:/home/king/.ivy2/cache/io.netty/netty-buffer/jars/netty-buffer-4.0.24.Final.jar:/home/king/.ivy2/cache/io.netty/netty-codec/jars/netty-codec-4.0.24.Final.jar:/home/king/.ivy2/cache/io.netty/netty-codec-http/jars/netty-codec-http-4.0.24.Final.jar:/home/king/.ivy2/cache/io.netty/netty-common/jars/netty-common-4.0.24.Final.jar:/home/king/.ivy2/cache/io.netty/netty-handler/jars/netty-handler-4.0.24.Final.jar:/home/king/.ivy2/cache/io.netty/netty-transport/jars/netty-transport-4.0.24.Final.jar:/home/king/.ivy2/cache/net.databinder/unfiltered-filter_2.10/jars/unfiltered-filter_2.10-0.9.0-beta1.jar:/home/king/.ivy2/cache/net.databinder/unfiltered-netty-server_2.10/jars/unfiltered-netty-server_2.10-0.9.0-beta1.jar:/home/king/.ivy2/cache/net.databinder/unfiltered-netty-websockets_2.10/jars/unfiltered-netty-websockets_2.10-0.9.0-beta1.jar:/home/king/.ivy2/cache/net.databinder/unfiltered-netty_2.10/jars/unfiltered-netty_2.10-0.9.0-beta1.jar:/home/king/.ivy2/cache/net.databinder/unfiltered-util_2.10/jars/unfiltered-util_2.10-0.9.0-beta1.jar:/home/king/.ivy2/cache/net.databinder/unfiltered_2.10/jars/unfiltered_2.10-0.9.0-beta1.jar:/home/king/softs/idea-IC-141.713.2/lib/idea_rt.jar:/usr/share/java/jayatanaag.jar)
2015-05-23 21:15:35,041 DEBUG [main] (io.netty.util.internal.logging.InternalLoggerFactory) - Using SLF4J as the default logging framework
2015-05-23 21:15:35,045 DEBUG [main] (io.netty.channel.MultithreadEventLoopGroup) - -Dio.netty.eventLoopThreads: 16
2015-05-23 21:15:35,060 DEBUG [main] (io.netty.util.internal.PlatformDependent0) - java.nio.Buffer.address: available
2015-05-23 21:15:35,060 DEBUG [main] (io.netty.util.internal.PlatformDependent0) - sun.misc.Unsafe.theUnsafe: available
2015-05-23 21:15:35,060 DEBUG [main] (io.netty.util.internal.PlatformDependent0) - sun.misc.Unsafe.copyMemory: available
2015-05-23 21:15:35,061 DEBUG [main] (io.netty.util.internal.PlatformDependent0) - java.nio.Bits.unaligned: true
2015-05-23 21:15:35,128 DEBUG [main] (io.netty.util.internal.PlatformDependent) - UID: 1000
2015-05-23 21:15:35,128 DEBUG [main] (io.netty.util.internal.PlatformDependent) - Java version: 8
2015-05-23 21:15:35,128 DEBUG [main] (io.netty.util.internal.PlatformDependent) - -Dio.netty.noUnsafe: false
2015-05-23 21:15:35,128 DEBUG [main] (io.netty.util.internal.PlatformDependent) - sun.misc.Unsafe: available
2015-05-23 21:15:35,129 DEBUG [main] (io.netty.util.internal.PlatformDependent) - -Dio.netty.noJavassist: false
2015-05-23 21:15:35,129 DEBUG [main] (io.netty.util.internal.PlatformDependent) - Javassist: unavailable
2015-05-23 21:15:35,129 DEBUG [main] (io.netty.util.internal.PlatformDependent) - You don't have Javassist in your class path or you don't have enough permission to load dynamically generated classes.  Please check the configuration for better performance.
2015-05-23 21:15:35,129 DEBUG [main] (io.netty.util.internal.PlatformDependent) - -Dio.netty.tmpdir: /tmp (java.io.tmpdir)
2015-05-23 21:15:35,130 DEBUG [main] (io.netty.util.internal.PlatformDependent) - -Dio.netty.bitMode: 64 (sun.arch.data.model)
2015-05-23 21:15:35,130 DEBUG [main] (io.netty.util.internal.PlatformDependent) - -Dio.netty.noPreferDirect: false
2015-05-23 21:15:35,185 DEBUG [main] (io.netty.channel.nio.NioEventLoop) - -Dio.netty.noKeySetOptimization: false
2015-05-23 21:15:35,186 DEBUG [main] (io.netty.channel.nio.NioEventLoop) - -Dio.netty.selectorAutoRebuildThreshold: 512
2015-05-23 21:15:35,215 DEBUG [main] (io.netty.util.internal.ThreadLocalRandom) - -Dio.netty.initialSeedUniquifier: 0x3737543104adbdd1 (took 8 ms)
2015-05-23 21:15:35,231 DEBUG [main] (io.netty.buffer.ByteBufUtil) - -Dio.netty.allocator.type: unpooled
2015-05-23 21:15:35,231 DEBUG [main] (io.netty.buffer.ByteBufUtil) - -Dio.netty.threadLocalDirectBufferSize: 65536
2015-05-23 21:15:35,232 DEBUG [main] (io.netty.util.NetUtil) - Loopback interface: lo (lo, 0:0:0:0:0:0:0:1%lo)
2015-05-23 21:15:35,232 DEBUG [main] (io.netty.util.NetUtil) - /proc/sys/net/core/somaxconn: 128
2015-05-23 21:15:50,651 DEBUG [nioEventLoopGroup-3-1] (io.netty.util.ResourceLeakDetector) - -Dio.netty.leakDetectionLevel: simple
2015-05-23 21:15:50,681 DEBUG [nioEventLoopGroup-3-1] (io.netty.util.Recycler) - -Dio.netty.recycler.maxCapacity.default: 262144
2015-05-23 21:15:50,697 DEBUG [nioEventLoopGroup-3-1] (io.netty.util.internal.Cleaner0) - java.nio.ByteBuffer.cleaner(): available
2015-05-23 21:23:29,975 DEBUG [main] (cn.edu.zju.ispark.server.Server$) - Classpath: Some(/usr/local/jdk/jre/lib/management-agent.jar:/usr/local/jdk/jre/lib/jfr.jar:/usr/local/jdk/jre/lib/plugin.jar:/usr/local/jdk/jre/lib/jsse.jar:/usr/local/jdk/jre/lib/javaws.jar:/usr/local/jdk/jre/lib/charsets.jar:/usr/local/jdk/jre/lib/rt.jar:/usr/local/jdk/jre/lib/jfxswt.jar:/usr/local/jdk/jre/lib/deploy.jar:/usr/local/jdk/jre/lib/jce.jar:/usr/local/jdk/jre/lib/resources.jar:/usr/local/jdk/jre/lib/ext/nashorn.jar:/usr/local/jdk/jre/lib/ext/dnsns.jar:/usr/local/jdk/jre/lib/ext/sunec.jar:/usr/local/jdk/jre/lib/ext/sunjce_provider.jar:/usr/local/jdk/jre/lib/ext/sunpkcs11.jar:/usr/local/jdk/jre/lib/ext/zipfs.jar:/usr/local/jdk/jre/lib/ext/cldrdata.jar:/usr/local/jdk/jre/lib/ext/localedata.jar:/usr/local/jdk/jre/lib/ext/jfxrt.jar:/home/king/gits/ispark/server/target/scala-2.10/classes:/home/king/.ivy2/cache/org.scala-lang/scala-library/jars/scala-library-2.10.5.jar:/home/king/gits/ispark/common/target/scala-2.10/classes:/home/king/.ivy2/cache/log4j/log4j/bundles/log4j-1.2.17.jar:/home/king/.ivy2/cache/org.slf4j/slf4j-api/jars/slf4j-api-1.7.12.jar:/home/king/.ivy2/cache/org.slf4j/slf4j-log4j12/jars/slf4j-log4j12-1.7.12.jar:/home/king/.ivy2/cache/commons-codec/commons-codec/jars/commons-codec-1.4.jar:/home/king/.ivy2/cache/commons-io/commons-io/jars/commons-io-2.4.jar:/home/king/.ivy2/cache/io.netty/netty-buffer/jars/netty-buffer-4.0.24.Final.jar:/home/king/.ivy2/cache/io.netty/netty-codec/jars/netty-codec-4.0.24.Final.jar:/home/king/.ivy2/cache/io.netty/netty-codec-http/jars/netty-codec-http-4.0.24.Final.jar:/home/king/.ivy2/cache/io.netty/netty-common/jars/netty-common-4.0.24.Final.jar:/home/king/.ivy2/cache/io.netty/netty-handler/jars/netty-handler-4.0.24.Final.jar:/home/king/.ivy2/cache/io.netty/netty-transport/jars/netty-transport-4.0.24.Final.jar:/home/king/.ivy2/cache/net.databinder/unfiltered-filter_2.10/jars/unfiltered-filter_2.10-0.9.0-beta1.jar:/home/king/.ivy2/cache/net.databinder/unfiltered-netty-server_2.10/jars/unfiltered-netty-server_2.10-0.9.0-beta1.jar:/home/king/.ivy2/cache/net.databinder/unfiltered-netty-websockets_2.10/jars/unfiltered-netty-websockets_2.10-0.9.0-beta1.jar:/home/king/.ivy2/cache/net.databinder/unfiltered-netty_2.10/jars/unfiltered-netty_2.10-0.9.0-beta1.jar:/home/king/.ivy2/cache/net.databinder/unfiltered-util_2.10/jars/unfiltered-util_2.10-0.9.0-beta1.jar:/home/king/.ivy2/cache/net.databinder/unfiltered_2.10/jars/unfiltered_2.10-0.9.0-beta1.jar:/home/king/softs/idea-IC-141.713.2/lib/idea_rt.jar:/usr/share/java/jayatanaag.jar)
2015-05-23 21:23:30,254 DEBUG [main] (io.netty.util.internal.logging.InternalLoggerFactory) - Using SLF4J as the default logging framework
2015-05-23 21:23:30,260 DEBUG [main] (io.netty.channel.MultithreadEventLoopGroup) - -Dio.netty.eventLoopThreads: 16
2015-05-23 21:23:30,270 DEBUG [main] (io.netty.util.internal.PlatformDependent0) - java.nio.Buffer.address: available
2015-05-23 21:23:30,270 DEBUG [main] (io.netty.util.internal.PlatformDependent0) - sun.misc.Unsafe.theUnsafe: available
2015-05-23 21:23:30,270 DEBUG [main] (io.netty.util.internal.PlatformDependent0) - sun.misc.Unsafe.copyMemory: available
2015-05-23 21:23:30,271 DEBUG [main] (io.netty.util.internal.PlatformDependent0) - java.nio.Bits.unaligned: true
2015-05-23 21:23:30,385 DEBUG [main] (io.netty.util.internal.PlatformDependent) - UID: 1000
2015-05-23 21:23:30,386 DEBUG [main] (io.netty.util.internal.PlatformDependent) - Java version: 8
2015-05-23 21:23:30,386 DEBUG [main] (io.netty.util.internal.PlatformDependent) - -Dio.netty.noUnsafe: false
2015-05-23 21:23:30,386 DEBUG [main] (io.netty.util.internal.PlatformDependent) - sun.misc.Unsafe: available
2015-05-23 21:23:30,386 DEBUG [main] (io.netty.util.internal.PlatformDependent) - -Dio.netty.noJavassist: false
2015-05-23 21:23:30,387 DEBUG [main] (io.netty.util.internal.PlatformDependent) - Javassist: unavailable
2015-05-23 21:23:30,387 DEBUG [main] (io.netty.util.internal.PlatformDependent) - You don't have Javassist in your class path or you don't have enough permission to load dynamically generated classes.  Please check the configuration for better performance.
2015-05-23 21:23:30,387 DEBUG [main] (io.netty.util.internal.PlatformDependent) - -Dio.netty.tmpdir: /tmp (java.io.tmpdir)
2015-05-23 21:23:30,387 DEBUG [main] (io.netty.util.internal.PlatformDependent) - -Dio.netty.bitMode: 64 (sun.arch.data.model)
2015-05-23 21:23:30,387 DEBUG [main] (io.netty.util.internal.PlatformDependent) - -Dio.netty.noPreferDirect: false
2015-05-23 21:23:30,443 DEBUG [main] (io.netty.channel.nio.NioEventLoop) - -Dio.netty.noKeySetOptimization: false
2015-05-23 21:23:30,443 DEBUG [main] (io.netty.channel.nio.NioEventLoop) - -Dio.netty.selectorAutoRebuildThreshold: 512
2015-05-23 21:23:30,486 DEBUG [main] (io.netty.util.internal.ThreadLocalRandom) - -Dio.netty.initialSeedUniquifier: 0xba68cbfe59dd891d (took 22 ms)
2015-05-23 21:23:30,503 DEBUG [main] (io.netty.buffer.ByteBufUtil) - -Dio.netty.allocator.type: unpooled
2015-05-23 21:23:30,503 DEBUG [main] (io.netty.buffer.ByteBufUtil) - -Dio.netty.threadLocalDirectBufferSize: 65536
2015-05-23 21:23:30,505 DEBUG [main] (io.netty.util.NetUtil) - Loopback interface: lo (lo, 0:0:0:0:0:0:0:1%lo)
2015-05-23 21:23:30,505 DEBUG [main] (io.netty.util.NetUtil) - /proc/sys/net/core/somaxconn: 128
2015-05-23 21:23:36,682 DEBUG [nioEventLoopGroup-3-1] (io.netty.util.ResourceLeakDetector) - -Dio.netty.leakDetectionLevel: simple
2015-05-23 21:23:36,697 DEBUG [nioEventLoopGroup-3-1] (io.netty.util.Recycler) - -Dio.netty.recycler.maxCapacity.default: 262144
2015-05-23 21:23:36,701 DEBUG [nioEventLoopGroup-3-1] (io.netty.util.internal.Cleaner0) - java.nio.ByteBuffer.cleaner(): available
2015-05-23 21:40:25,414 DEBUG [main] (cn.edu.zju.ispark.server.Server$) - Classpath: Some(/usr/local/jdk/jre/lib/management-agent.jar:/usr/local/jdk/jre/lib/jfr.jar:/usr/local/jdk/jre/lib/plugin.jar:/usr/local/jdk/jre/lib/jsse.jar:/usr/local/jdk/jre/lib/javaws.jar:/usr/local/jdk/jre/lib/charsets.jar:/usr/local/jdk/jre/lib/rt.jar:/usr/local/jdk/jre/lib/jfxswt.jar:/usr/local/jdk/jre/lib/deploy.jar:/usr/local/jdk/jre/lib/jce.jar:/usr/local/jdk/jre/lib/resources.jar:/usr/local/jdk/jre/lib/ext/nashorn.jar:/usr/local/jdk/jre/lib/ext/dnsns.jar:/usr/local/jdk/jre/lib/ext/sunec.jar:/usr/local/jdk/jre/lib/ext/sunjce_provider.jar:/usr/local/jdk/jre/lib/ext/sunpkcs11.jar:/usr/local/jdk/jre/lib/ext/zipfs.jar:/usr/local/jdk/jre/lib/ext/cldrdata.jar:/usr/local/jdk/jre/lib/ext/localedata.jar:/usr/local/jdk/jre/lib/ext/jfxrt.jar:/home/king/gits/ispark/server/target/scala-2.10/classes:/home/king/.ivy2/cache/org.scala-lang/scala-library/jars/scala-library-2.10.5.jar:/home/king/gits/ispark/common/target/scala-2.10/classes:/home/king/.ivy2/cache/log4j/log4j/bundles/log4j-1.2.17.jar:/home/king/.ivy2/cache/org.slf4j/slf4j-api/jars/slf4j-api-1.7.12.jar:/home/king/.ivy2/cache/org.slf4j/slf4j-log4j12/jars/slf4j-log4j12-1.7.12.jar:/home/king/.ivy2/cache/commons-codec/commons-codec/jars/commons-codec-1.4.jar:/home/king/.ivy2/cache/commons-io/commons-io/jars/commons-io-2.4.jar:/home/king/.ivy2/cache/io.netty/netty-buffer/jars/netty-buffer-4.0.24.Final.jar:/home/king/.ivy2/cache/io.netty/netty-codec/jars/netty-codec-4.0.24.Final.jar:/home/king/.ivy2/cache/io.netty/netty-codec-http/jars/netty-codec-http-4.0.24.Final.jar:/home/king/.ivy2/cache/io.netty/netty-common/jars/netty-common-4.0.24.Final.jar:/home/king/.ivy2/cache/io.netty/netty-handler/jars/netty-handler-4.0.24.Final.jar:/home/king/.ivy2/cache/io.netty/netty-transport/jars/netty-transport-4.0.24.Final.jar:/home/king/.ivy2/cache/net.databinder/unfiltered-filter_2.10/jars/unfiltered-filter_2.10-0.9.0-beta1.jar:/home/king/.ivy2/cache/net.databinder/unfiltered-netty-server_2.10/jars/unfiltered-netty-server_2.10-0.9.0-beta1.jar:/home/king/.ivy2/cache/net.databinder/unfiltered-netty-websockets_2.10/jars/unfiltered-netty-websockets_2.10-0.9.0-beta1.jar:/home/king/.ivy2/cache/net.databinder/unfiltered-netty_2.10/jars/unfiltered-netty_2.10-0.9.0-beta1.jar:/home/king/.ivy2/cache/net.databinder/unfiltered-util_2.10/jars/unfiltered-util_2.10-0.9.0-beta1.jar:/home/king/.ivy2/cache/net.databinder/unfiltered_2.10/jars/unfiltered_2.10-0.9.0-beta1.jar:/home/king/softs/idea-IC-141.713.2/lib/idea_rt.jar:/usr/share/java/jayatanaag.jar)
2015-05-23 21:40:25,560 DEBUG [main] (io.netty.util.internal.logging.InternalLoggerFactory) - Using SLF4J as the default logging framework
2015-05-23 21:40:25,564 DEBUG [main] (io.netty.channel.MultithreadEventLoopGroup) - -Dio.netty.eventLoopThreads: 16
2015-05-23 21:40:25,569 DEBUG [main] (io.netty.util.internal.PlatformDependent0) - java.nio.Buffer.address: available
2015-05-23 21:40:25,570 DEBUG [main] (io.netty.util.internal.PlatformDependent0) - sun.misc.Unsafe.theUnsafe: available
2015-05-23 21:40:25,570 DEBUG [main] (io.netty.util.internal.PlatformDependent0) - sun.misc.Unsafe.copyMemory: available
2015-05-23 21:40:25,570 DEBUG [main] (io.netty.util.internal.PlatformDependent0) - java.nio.Bits.unaligned: true
2015-05-23 21:40:25,639 DEBUG [main] (io.netty.util.internal.PlatformDependent) - UID: 1000
2015-05-23 21:40:25,640 DEBUG [main] (io.netty.util.internal.PlatformDependent) - Java version: 8
2015-05-23 21:40:25,640 DEBUG [main] (io.netty.util.internal.PlatformDependent) - -Dio.netty.noUnsafe: false
2015-05-23 21:40:25,640 DEBUG [main] (io.netty.util.internal.PlatformDependent) - sun.misc.Unsafe: available
2015-05-23 21:40:25,640 DEBUG [main] (io.netty.util.internal.PlatformDependent) - -Dio.netty.noJavassist: false
2015-05-23 21:40:25,641 DEBUG [main] (io.netty.util.internal.PlatformDependent) - Javassist: unavailable
2015-05-23 21:40:25,641 DEBUG [main] (io.netty.util.internal.PlatformDependent) - You don't have Javassist in your class path or you don't have enough permission to load dynamically generated classes.  Please check the configuration for better performance.
2015-05-23 21:40:25,641 DEBUG [main] (io.netty.util.internal.PlatformDependent) - -Dio.netty.tmpdir: /tmp (java.io.tmpdir)
2015-05-23 21:40:25,642 DEBUG [main] (io.netty.util.internal.PlatformDependent) - -Dio.netty.bitMode: 64 (sun.arch.data.model)
2015-05-23 21:40:25,642 DEBUG [main] (io.netty.util.internal.PlatformDependent) - -Dio.netty.noPreferDirect: false
2015-05-23 21:40:25,676 DEBUG [main] (io.netty.channel.nio.NioEventLoop) - -Dio.netty.noKeySetOptimization: false
2015-05-23 21:40:25,676 DEBUG [main] (io.netty.channel.nio.NioEventLoop) - -Dio.netty.selectorAutoRebuildThreshold: 512
2015-05-23 21:40:25,701 DEBUG [main] (io.netty.util.internal.ThreadLocalRandom) - -Dio.netty.initialSeedUniquifier: 0xb4d49a0c356a8e8e (took 9 ms)
2015-05-23 21:40:25,721 DEBUG [main] (io.netty.buffer.ByteBufUtil) - -Dio.netty.allocator.type: unpooled
2015-05-23 21:40:25,722 DEBUG [main] (io.netty.buffer.ByteBufUtil) - -Dio.netty.threadLocalDirectBufferSize: 65536
2015-05-23 21:40:25,723 DEBUG [main] (io.netty.util.NetUtil) - Loopback interface: lo (lo, 0:0:0:0:0:0:0:1%lo)
2015-05-23 21:40:25,724 DEBUG [main] (io.netty.util.NetUtil) - /proc/sys/net/core/somaxconn: 128
2015-05-23 21:40:29,695 DEBUG [nioEventLoopGroup-3-1] (io.netty.util.ResourceLeakDetector) - -Dio.netty.leakDetectionLevel: simple
2015-05-23 21:40:29,706 DEBUG [nioEventLoopGroup-3-1] (io.netty.util.Recycler) - -Dio.netty.recycler.maxCapacity.default: 262144
2015-05-23 21:40:29,709 DEBUG [nioEventLoopGroup-3-1] (io.netty.util.internal.Cleaner0) - java.nio.ByteBuffer.cleaner(): available
2015-05-23 21:40:29,849 DEBUG [nioEventLoopGroup-3-1] (io.netty.handler.codec.http.websocketx.WebSocketServerHandshaker) - [id: 0xc234bf1b, /127.0.0.1:52318 => /127.0.0.1:8081] WebSocket version V13 server handshake
2015-05-23 21:40:29,852 DEBUG [nioEventLoopGroup-3-1] (io.netty.handler.codec.http.websocketx.WebSocketServerHandshaker) - WebSocket version 13 server handshake key: c1Oi1Prsj93YguGKiXxEUg==, response: qQewsGDoLJVZTyIdc3oEhmxtz6g=
2015-05-23 21:40:29,884  INFO [nioEventLoopGroup-3-1] (cn.edu.zju.ispark.server.Dispatcher) - open a socket 0)
2015-05-23 21:40:29,885 DEBUG [nioEventLoopGroup-3-1] (io.netty.handler.codec.http.websocketx.WebSocket08FrameEncoder) - Encoding WebSocket Frame opCode=1 length=9
2015-05-24 11:42:26,057 DEBUG [nioEventLoopGroup-3-2] (io.netty.handler.codec.http.websocketx.WebSocketServerHandshaker) - [id: 0x50fe8052, /127.0.0.1:54562 => /127.0.0.1:8081] WebSocket version V13 server handshake
2015-05-24 11:42:26,058 DEBUG [nioEventLoopGroup-3-2] (io.netty.handler.codec.http.websocketx.WebSocketServerHandshaker) - WebSocket version 13 server handshake key: XzXEOAHn+LDya/UCbuJ+4g==, response: ObmQwAUNDec3YJbRWvCw+yR+vUs=
2015-05-24 11:42:26,058  INFO [nioEventLoopGroup-3-2] (cn.edu.zju.ispark.server.Dispatcher) - open a socket 0)
2015-05-24 11:42:26,058 DEBUG [nioEventLoopGroup-3-2] (io.netty.handler.codec.http.websocketx.WebSocket08FrameEncoder) - Encoding WebSocket Frame opCode=1 length=9
2015-05-24 11:42:35,070 DEBUG [nioEventLoopGroup-3-2] (io.netty.handler.codec.http.websocketx.WebSocket08FrameDecoder) - Decoding WebSocket Frame opCode=8
2015-05-24 11:42:35,070 DEBUG [nioEventLoopGroup-3-2] (io.netty.handler.codec.http.websocketx.WebSocket08FrameDecoder) - Decoding WebSocket Frame length=2
2015-05-24 11:42:35,085 DEBUG [nioEventLoopGroup-3-2] (io.netty.handler.codec.http.websocketx.WebSocket08FrameEncoder) - Encoding WebSocket Frame opCode=8 length=2
2015-05-24 11:42:35,140  INFO [nioEventLoopGroup-3-2] (cn.edu.zju.ispark.server.Dispatcher) - close socket WebSocket([id: 0x50fe8052, /127.0.0.1:54562 :> /127.0.0.1:8081])
2015-05-24 11:42:35,266 DEBUG [nioEventLoopGroup-3-3] (io.netty.handler.codec.http.websocketx.WebSocketServerHandshaker) - [id: 0x479c2fb2, /127.0.0.1:54573 => /127.0.0.1:8081] WebSocket version V13 server handshake
2015-05-24 11:42:35,267 DEBUG [nioEventLoopGroup-3-3] (io.netty.handler.codec.http.websocketx.WebSocketServerHandshaker) - WebSocket version 13 server handshake key: tdxYWK4Gc6zGbpv5Mp9Z3A==, response: DyOW8kRWCLM/yqP1XeWMxRMeqlg=
2015-05-24 11:42:35,267  INFO [nioEventLoopGroup-3-3] (cn.edu.zju.ispark.server.Dispatcher) - open a socket 0)
2015-05-24 11:42:35,267 DEBUG [nioEventLoopGroup-3-3] (io.netty.handler.codec.http.websocketx.WebSocket08FrameEncoder) - Encoding WebSocket Frame opCode=1 length=9
2015-05-24 11:43:00,345 DEBUG [nioEventLoopGroup-3-3] (io.netty.handler.codec.http.websocketx.WebSocket08FrameDecoder) - Decoding WebSocket Frame opCode=8
2015-05-24 11:43:00,345 DEBUG [nioEventLoopGroup-3-3] (io.netty.handler.codec.http.websocketx.WebSocket08FrameDecoder) - Decoding WebSocket Frame length=2
2015-05-24 11:43:00,345 DEBUG [nioEventLoopGroup-3-3] (io.netty.handler.codec.http.websocketx.WebSocket08FrameEncoder) - Encoding WebSocket Frame opCode=8 length=2
2015-05-24 11:43:00,346  INFO [nioEventLoopGroup-3-3] (cn.edu.zju.ispark.server.Dispatcher) - close socket WebSocket([id: 0x479c2fb2, /127.0.0.1:54573 :> /127.0.0.1:8081])
2015-05-24 11:43:01,235 DEBUG [nioEventLoopGroup-3-1] (io.netty.handler.codec.http.websocketx.WebSocket08FrameDecoder) - Decoding WebSocket Frame opCode=8
2015-05-24 11:43:01,235 DEBUG [nioEventLoopGroup-3-1] (io.netty.handler.codec.http.websocketx.WebSocket08FrameDecoder) - Decoding WebSocket Frame length=2
2015-05-24 11:43:01,235 DEBUG [nioEventLoopGroup-3-1] (io.netty.handler.codec.http.websocketx.WebSocket08FrameEncoder) - Encoding WebSocket Frame opCode=8 length=2
2015-05-24 11:43:01,235  INFO [nioEventLoopGroup-3-1] (cn.edu.zju.ispark.server.Dispatcher) - close socket WebSocket([id: 0xc234bf1b, /127.0.0.1:52318 :> /127.0.0.1:8081])
2015-05-24 11:43:25,004 DEBUG [nioEventLoopGroup-3-4] (io.netty.handler.codec.http.websocketx.WebSocketServerHandshaker) - [id: 0x3131f771, /127.0.0.1:54582 => /127.0.0.1:8081] WebSocket version V13 server handshake
2015-05-24 11:43:25,005 DEBUG [nioEventLoopGroup-3-4] (io.netty.handler.codec.http.websocketx.WebSocketServerHandshaker) - WebSocket version 13 server handshake key: Okn60SaTwGbOnK5R4dglAQ==, response: Zo1eRoFO2KT9D6D4WbOrlPGTUSw=
2015-05-24 11:43:25,005  INFO [nioEventLoopGroup-3-4] (cn.edu.zju.ispark.server.Dispatcher) - open a socket 0)
2015-05-24 11:43:25,005 DEBUG [nioEventLoopGroup-3-4] (io.netty.handler.codec.http.websocketx.WebSocket08FrameEncoder) - Encoding WebSocket Frame opCode=1 length=9
2015-05-24 11:43:37,798 DEBUG [nioEventLoopGroup-3-4] (io.netty.handler.codec.http.websocketx.WebSocket08FrameDecoder) - Decoding WebSocket Frame opCode=8
2015-05-24 11:43:37,798 DEBUG [nioEventLoopGroup-3-4] (io.netty.handler.codec.http.websocketx.WebSocket08FrameDecoder) - Decoding WebSocket Frame length=2
2015-05-24 11:43:37,799 DEBUG [nioEventLoopGroup-3-4] (io.netty.handler.codec.http.websocketx.WebSocket08FrameEncoder) - Encoding WebSocket Frame opCode=8 length=2
2015-05-24 11:43:37,799  INFO [nioEventLoopGroup-3-4] (cn.edu.zju.ispark.server.Dispatcher) - close socket WebSocket([id: 0x3131f771, /127.0.0.1:54582 :> /127.0.0.1:8081])
